{
  "RSpec": {
    "coverage": {
      "/Users/student/Projects/Bank_Tech_Test_Ruby/spec/account_spec.rb": [
        1,
        null,
        1,
        13,
        2,
        1,
        1,
        null,
        1,
        1,
        null,
        1,
        1,
        1,
        null,
        1,
        1,
        1,
        1,
        1,
        null,
        1,
        2,
        null,
        1,
        1,
        1,
        null,
        null,
        1,
        1,
        1,
        1,
        1,
        null,
        1,
        2,
        null,
        1,
        1,
        1,
        null,
        null,
        1,
        1,
        1,
        null,
        1,
        1,
        null,
        1,
        1,
        1,
        1,
        null,
        1,
        1,
        1,
        1,
        null,
        null,
        null,
        null
      ],
      "/Users/student/Projects/Bank_Tech_Test_Ruby/lib/account.rb": [
        1,
        null,
        1,
        null,
        1,
        null,
        1,
        14,
        14,
        null,
        null,
        1,
        11,
        11,
        11,
        11,
        11,
        null,
        null,
        1,
        null,
        1,
        11,
        11,
        null,
        null,
        1,
        22,
        null,
        null,
        1,
        11,
        null,
        null,
        1,
        11,
        6,
        5,
        5,
        null,
        null,
        null
      ],
      "/Users/student/Projects/Bank_Tech_Test_Ruby/spec/features/print_statement_shows_account_activity_spec.rb": [
        1,
        1,
        1,
        1,
        1,
        1,
        1,
        1,
        1,
        null,
        null
      ],
      "/Users/student/Projects/Bank_Tech_Test_Ruby/spec/statement_spec.rb": [
        1,
        null,
        1,
        4,
        1,
        1,
        null,
        1,
        1,
        null,
        1,
        1,
        null,
        1,
        1,
        null,
        1,
        1,
        1,
        null,
        1,
        null,
        1,
        null,
        1,
        1,
        null,
        null,
        null
      ],
      "/Users/student/Projects/Bank_Tech_Test_Ruby/lib/statement.rb": [
        1,
        null,
        1,
        4,
        null,
        null,
        1,
        3,
        3,
        3,
        null,
        null,
        1,
        3,
        3,
        7,
        5,
        2,
        2,
        null,
        null,
        3,
        null,
        null,
        null
      ],
      "/Users/student/Projects/Bank_Tech_Test_Ruby/spec/transaction_spec.rb": [
        1,
        null,
        1,
        6,
        1,
        1,
        null,
        1,
        1,
        1,
        null,
        1,
        1,
        null,
        1,
        1,
        null,
        1,
        1,
        null,
        null
      ],
      "/Users/student/Projects/Bank_Tech_Test_Ruby/lib/transaction.rb": [
        1,
        null,
        1,
        null,
        1,
        16,
        16,
        16,
        16,
        null,
        null
      ]
    },
    "timestamp": 1567371948
  }
}
